<?xml version="1.0" encoding="UTF-8"?>
<coverage generated="1742204897375" clover="3.2.0">
  <project timestamp="1742204897376" name="All files">
    <metrics statements="14" coveredstatements="13" conditionals="9" coveredconditionals="5" methods="2" coveredmethods="2" elements="25" coveredelements="20" complexity="0" loc="14" ncloc="14" packages="1" files="1" classes="1"/>
    <file name="index.js" path="D:\OTUS\1.1\index.js">
      <metrics statements="14" coveredstatements="13" conditionals="9" coveredconditionals="5" methods="2" coveredmethods="2"/>
      <line num="5" count="1" type="stmt"/>
      <line num="7" count="1" type="cond" truecount="1" falsecount="1"/>
      <line num="8" count="8" type="stmt"/>
      <line num="10" count="8" type="stmt"/>
      <line num="11" count="11" type="stmt"/>
      <line num="12" count="11" type="stmt"/>
      <line num="13" count="11" type="cond" truecount="2" falsecount="0"/>
      <line num="14" count="4" type="stmt"/>
      <line num="15" count="4" type="cond" truecount="1" falsecount="1"/>
      <line num="17" count="7" type="stmt"/>
      <line num="22" count="1" type="cond" truecount="0" falsecount="1"/>
      <line num="23" count="1" type="stmt"/>
      <line num="26" count="1" type="cond" truecount="1" falsecount="1"/>
      <line num="27" count="0" type="stmt"/>
    </file>
  </project>
</coverage>
