{"D:\\OTUS\\1.1\\index.js": {"path":"D:\\OTUS\\1.1\\index.js","statementMap":{"0":{"start":{"line":5,"column":16},"end":{"line":5,"column":39}},"1":{"start":{"line":7,"column":20},"end":{"line":20,"column":1}},"2":{"start":{"line":8,"column":17},"end":{"line":8,"column":59}},"3":{"start":{"line":10,"column":4},"end":{"line":19,"column":5}},"4":{"start":{"line":11,"column":25},"end":{"line":11,"column":50}},"5":{"start":{"line":12,"column":27},"end":{"line":12,"column":65}},"6":{"start":{"line":13,"column":8},"end":{"line":18,"column":9}},"7":{"start":{"line":14,"column":12},"end":{"line":14,"column":69}},"8":{"start":{"line":15,"column":12},"end":{"line":15,"column":85}},"9":{"start":{"line":15,"column":39},"end":{"line":15,"column":84}},"10":{"start":{"line":17,"column":12},"end":{"line":17,"column":70}},"11":{"start":{"line":22,"column":22},"end":{"line":24,"column":1}},"12":{"start":{"line":23,"column":4},"end":{"line":23,"column":27}},"13":{"start":{"line":26,"column":0},"end":{"line":28,"column":1}},"14":{"start":{"line":27,"column":4},"end":{"line":27,"column":13}}},"fnMap":{"0":{"name":"(anonymous_0)","decl":{"start":{"line":7,"column":20},"end":{"line":7,"column":21}},"loc":{"start":{"line":7,"column":64},"end":{"line":20,"column":1}},"line":7},"1":{"name":"(anonymous_1)","decl":{"start":{"line":22,"column":22},"end":{"line":22,"column":23}},"loc":{"start":{"line":22,"column":67},"end":{"line":24,"column":1}},"line":22}},"branchMap":{"0":{"loc":{"start":{"line":7,"column":32},"end":{"line":7,"column":41}},"type":"default-arg","locations":[{"start":{"line":7,"column":40},"end":{"line":7,"column":41}}],"line":7},"1":{"loc":{"start":{"line":7,"column":43},"end":{"line":7,"column":59}},"type":"default-arg","locations":[{"start":{"line":7,"column":58},"end":{"line":7,"column":59}}],"line":7},"2":{"loc":{"start":{"line":13,"column":8},"end":{"line":18,"column":9}},"type":"if","locations":[{"start":{"line":13,"column":8},"end":{"line":18,"column":9}},{"start":{"line":16,"column":15},"end":{"line":18,"column":9}}],"line":13},"3":{"loc":{"start":{"line":15,"column":12},"end":{"line":15,"column":85}},"type":"if","locations":[{"start":{"line":15,"column":12},"end":{"line":15,"column":85}},{"start":{},"end":{}}],"line":15},"4":{"loc":{"start":{"line":22,"column":29},"end":{"line":22,"column":62}},"type":"default-arg","locations":[{"start":{"line":22,"column":39},"end":{"line":22,"column":62}}],"line":22},"5":{"loc":{"start":{"line":26,"column":0},"end":{"line":28,"column":1}},"type":"if","locations":[{"start":{"line":26,"column":0},"end":{"line":28,"column":1}},{"start":{},"end":{}}],"line":26}},"s":{"0":1,"1":1,"2":8,"3":8,"4":11,"5":11,"6":11,"7":4,"8":4,"9":4,"10":7,"11":1,"12":1,"13":1,"14":0},"f":{"0":8,"1":1},"b":{"0":[0],"1":[4],"2":[4,7],"3":[4,0],"4":[0],"5":[0,1]},"_coverageSchema":"1a1c01bbd47fc00a2c39e90264f33305004495a9","hash":"aa3615c76693898aa095181ee1127e09f9cb52ec"}
}
